<?xml version="1.0" encoding="UTF-8"?>
<!-- Generated by org.testng.reporters.JUnitReportReporter -->
<testsuite hostname="HoangHiep" failures="0" tests="8" name="hybrid.nopcommerce.user.NopCommerce_Search" time="11.301" errors="0" timestamp="20 Oct 2022 07:58:55 GMT" skipped="0">
  <testcase classname="hybrid.nopcommerce.user.NopCommerce_Search" name="TC_01_Search_Empty_Data" time="1.498"/>
  <testcase classname="hybrid.nopcommerce.user.NopCommerce_Search" name="TC_07_Advance_Search_With_Incorrect_Manufacturer" time="1.680"/>
  <testcase classname="hybrid.nopcommerce.user.NopCommerce_Search" name="TC_05_Advance_Search_With_Parent_Category" time="1.389"/>
  <testcase classname="hybrid.nopcommerce.user.NopCommerce_Search" name="TC_03_Search_With_Product_Name" time="1.244"/>
  <testcase classname="hybrid.nopcommerce.user.NopCommerce_Search" name="TC_02_Search_With_Data_Not_Exsit" time="1.143"/>
  <testcase classname="hybrid.nopcommerce.user.NopCommerce_Search" name="TC_04_Search_With_Product_Name" time="1.132"/>
  <testcase classname="hybrid.nopcommerce.user.NopCommerce_Search" name="TC_06_Advance_Search_With_Sub_Category" time="1.540"/>
  <testcase classname="hybrid.nopcommerce.user.NopCommerce_Search" name="TC_08_Advands_Search_With_Parent_Category" time="1.675"/>
</testsuite> <!-- hybrid.nopcommerce.user.NopCommerce_Search -->
